mode: set
github.com/kokhno-nikolay/letsgochat/pkg/hasher/hasher.go:18.41,22.2 1 1
github.com/kokhno-nikolay/letsgochat/pkg/hasher/hasher.go:30.60,32.16 2 1
github.com/kokhno-nikolay/letsgochat/pkg/hasher/hasher.go:36.2,39.37 3 1
github.com/kokhno-nikolay/letsgochat/pkg/hasher/hasher.go:32.16,34.3 1 0
github.com/kokhno-nikolay/letsgochat/pkg/hasher/hasher.go:46.60,48.16 2 1
github.com/kokhno-nikolay/letsgochat/pkg/hasher/hasher.go:52.2,53.16 2 1
github.com/kokhno-nikolay/letsgochat/pkg/hasher/hasher.go:57.2,61.15 4 1
github.com/kokhno-nikolay/letsgochat/pkg/hasher/hasher.go:65.2,65.14 1 0
github.com/kokhno-nikolay/letsgochat/pkg/hasher/hasher.go:48.16,50.3 1 1
github.com/kokhno-nikolay/letsgochat/pkg/hasher/hasher.go:53.16,55.3 1 0
github.com/kokhno-nikolay/letsgochat/pkg/hasher/hasher.go:61.15,63.3 1 1
github.com/kokhno-nikolay/letsgochat/repository/repository.go:33.48,38.2 1 1
github.com/kokhno-nikolay/letsgochat/middlewares/logs.go:17.46,18.73 1 1
github.com/kokhno-nikolay/letsgochat/middlewares/logs.go:18.73,22.3 3 1
github.com/kokhno-nikolay/letsgochat/middlewares/logs.go:25.77,27.16 2 1
github.com/kokhno-nikolay/letsgochat/middlewares/logs.go:31.2,33.42 2 1
github.com/kokhno-nikolay/letsgochat/middlewares/logs.go:41.2,41.30 1 1
github.com/kokhno-nikolay/letsgochat/middlewares/logs.go:27.16,29.3 1 0
github.com/kokhno-nikolay/letsgochat/middlewares/logs.go:33.42,36.31 2 0
github.com/kokhno-nikolay/letsgochat/middlewares/logs.go:36.31,38.4 1 0
github.com/kokhno-nikolay/letsgochat/middlewares/logs.go:41.30,52.21 11 1
github.com/kokhno-nikolay/letsgochat/middlewares/logs.go:56.3,56.30 1 1
github.com/kokhno-nikolay/letsgochat/middlewares/logs.go:60.3,72.24 2 1
github.com/kokhno-nikolay/letsgochat/middlewares/logs.go:52.21,54.4 1 1
github.com/kokhno-nikolay/letsgochat/middlewares/logs.go:56.30,58.4 1 0
github.com/kokhno-nikolay/letsgochat/middlewares/logs.go:72.24,74.4 1 0
github.com/kokhno-nikolay/letsgochat/middlewares/logs.go:74.9,76.52 2 1
github.com/kokhno-nikolay/letsgochat/middlewares/logs.go:76.52,78.5 1 0
github.com/kokhno-nikolay/letsgochat/middlewares/logs.go:78.10,78.50 1 1
github.com/kokhno-nikolay/letsgochat/middlewares/logs.go:78.50,80.5 1 1
github.com/kokhno-nikolay/letsgochat/middlewares/logs.go:80.10,82.5 1 0
github.com/kokhno-nikolay/letsgochat/middlewares/recovery.go:9.47,10.71 1 1
github.com/kokhno-nikolay/letsgochat/middlewares/recovery.go:10.71,12.16 1 1
github.com/kokhno-nikolay/letsgochat/middlewares/recovery.go:27.3,27.23 1 1
github.com/kokhno-nikolay/letsgochat/middlewares/recovery.go:12.16,14.18 2 1
github.com/kokhno-nikolay/letsgochat/middlewares/recovery.go:14.18,24.5 5 1
github.com/kokhno-nikolay/letsgochat/repository/postgres/connection.go:10.45,12.16 2 0
github.com/kokhno-nikolay/letsgochat/repository/postgres/connection.go:16.2,17.16 2 0
github.com/kokhno-nikolay/letsgochat/repository/postgres/connection.go:21.2,22.16 2 0
github.com/kokhno-nikolay/letsgochat/repository/postgres/connection.go:12.16,14.3 1 0
github.com/kokhno-nikolay/letsgochat/repository/postgres/connection.go:17.16,19.3 1 0
github.com/kokhno-nikolay/letsgochat/repository/postgres/messages.go:14.48,18.2 1 1
github.com/kokhno-nikolay/letsgochat/repository/postgres/messages.go:20.63,27.16 5 1
github.com/kokhno-nikolay/letsgochat/repository/postgres/messages.go:30.2,32.18 2 1
github.com/kokhno-nikolay/letsgochat/repository/postgres/messages.go:43.2,43.22 1 1
github.com/kokhno-nikolay/letsgochat/repository/postgres/messages.go:27.16,29.3 1 0
github.com/kokhno-nikolay/letsgochat/repository/postgres/messages.go:32.18,36.17 3 1
github.com/kokhno-nikolay/letsgochat/repository/postgres/messages.go:40.3,40.39 1 1
github.com/kokhno-nikolay/letsgochat/repository/postgres/messages.go:36.17,38.4 1 0
github.com/kokhno-nikolay/letsgochat/repository/postgres/messages.go:46.61,52.16 5 1
github.com/kokhno-nikolay/letsgochat/repository/postgres/messages.go:55.2,58.12 3 1
github.com/kokhno-nikolay/letsgochat/repository/postgres/messages.go:52.16,54.3 1 0
github.com/kokhno-nikolay/letsgochat/repository/postgres/users.go:18.42,22.2 1 1
github.com/kokhno-nikolay/letsgochat/repository/postgres/users.go:24.34,29.16 4 1
github.com/kokhno-nikolay/letsgochat/repository/postgres/users.go:32.2,35.16 3 0
github.com/kokhno-nikolay/letsgochat/repository/postgres/users.go:39.2,39.12 1 0
github.com/kokhno-nikolay/letsgochat/repository/postgres/users.go:29.16,31.3 1 1
github.com/kokhno-nikolay/letsgochat/repository/postgres/users.go:35.16,37.3 1 0
github.com/kokhno-nikolay/letsgochat/repository/postgres/users.go:42.32,53.16 4 1
github.com/kokhno-nikolay/letsgochat/repository/postgres/users.go:56.2,59.16 3 0
github.com/kokhno-nikolay/letsgochat/repository/postgres/users.go:63.2,63.12 1 0
github.com/kokhno-nikolay/letsgochat/repository/postgres/users.go:53.16,55.3 1 1
github.com/kokhno-nikolay/letsgochat/repository/postgres/users.go:59.16,61.3 1 0
github.com/kokhno-nikolay/letsgochat/repository/postgres/users.go:66.29,68.2 1 1
github.com/kokhno-nikolay/letsgochat/repository/postgres/users.go:70.59,77.2 4 1
github.com/kokhno-nikolay/letsgochat/repository/postgres/users.go:79.74,86.2 4 1
github.com/kokhno-nikolay/letsgochat/repository/postgres/users.go:88.52,94.16 5 1
github.com/kokhno-nikolay/letsgochat/repository/postgres/users.go:97.2,100.16 3 1
github.com/kokhno-nikolay/letsgochat/repository/postgres/users.go:107.2,107.12 1 1
github.com/kokhno-nikolay/letsgochat/repository/postgres/users.go:94.16,96.3 1 0
github.com/kokhno-nikolay/letsgochat/repository/postgres/users.go:100.16,102.62 2 0
github.com/kokhno-nikolay/letsgochat/repository/postgres/users.go:102.62,104.4 1 0
github.com/kokhno-nikolay/letsgochat/repository/postgres/users.go:110.62,117.2 4 1
github.com/kokhno-nikolay/letsgochat/repository/postgres/users.go:119.59,126.16 5 1
github.com/kokhno-nikolay/letsgochat/repository/postgres/users.go:129.2,131.18 2 1
github.com/kokhno-nikolay/letsgochat/repository/postgres/users.go:142.2,142.19 1 1
github.com/kokhno-nikolay/letsgochat/repository/postgres/users.go:126.16,128.3 1 0
github.com/kokhno-nikolay/letsgochat/repository/postgres/users.go:131.18,135.17 3 1
github.com/kokhno-nikolay/letsgochat/repository/postgres/users.go:139.3,139.30 1 1
github.com/kokhno-nikolay/letsgochat/repository/postgres/users.go:135.17,137.4 1 0
github.com/kokhno-nikolay/letsgochat/repository/postgres/users.go:145.54,151.16 5 1
github.com/kokhno-nikolay/letsgochat/repository/postgres/users.go:154.2,157.12 3 0
github.com/kokhno-nikolay/letsgochat/repository/postgres/users.go:151.16,153.3 1 1
github.com/kokhno-nikolay/letsgochat/repository/postgres/users.go:160.56,166.16 5 1
github.com/kokhno-nikolay/letsgochat/repository/postgres/users.go:169.2,172.12 3 0
github.com/kokhno-nikolay/letsgochat/repository/postgres/users.go:166.16,168.3 1 1
github.com/kokhno-nikolay/letsgochat/api/chat.go:12.77,14.43 1 0
github.com/kokhno-nikolay/letsgochat/api/chat.go:19.2,20.16 2 0
github.com/kokhno-nikolay/letsgochat/api/chat.go:23.2,27.16 4 0
github.com/kokhno-nikolay/letsgochat/api/chat.go:31.2,31.24 1 0
github.com/kokhno-nikolay/letsgochat/api/chat.go:37.2,37.6 1 0
github.com/kokhno-nikolay/letsgochat/api/chat.go:14.43,16.4 1 0
github.com/kokhno-nikolay/letsgochat/api/chat.go:20.16,22.3 1 0
github.com/kokhno-nikolay/letsgochat/api/chat.go:27.16,29.3 1 0
github.com/kokhno-nikolay/letsgochat/api/chat.go:31.24,32.32 1 0
github.com/kokhno-nikolay/letsgochat/api/chat.go:32.32,34.4 1 0
github.com/kokhno-nikolay/letsgochat/api/chat.go:37.6,40.17 3 0
github.com/kokhno-nikolay/letsgochat/api/chat.go:45.3,45.24 1 0
github.com/kokhno-nikolay/letsgochat/api/chat.go:50.3,50.23 1 0
github.com/kokhno-nikolay/letsgochat/api/chat.go:40.17,42.9 2 0
github.com/kokhno-nikolay/letsgochat/api/chat.go:45.24,47.12 2 0
github.com/kokhno-nikolay/letsgochat/api/chat.go:54.81,56.38 2 0
github.com/kokhno-nikolay/letsgochat/api/chat.go:56.38,60.3 3 0
github.com/kokhno-nikolay/letsgochat/api/chat.go:63.58,64.32 1 0
github.com/kokhno-nikolay/letsgochat/api/chat.go:64.32,66.3 1 0
github.com/kokhno-nikolay/letsgochat/api/chat.go:69.47,71.2 1 0
github.com/kokhno-nikolay/letsgochat/api/chat.go:73.48,74.6 1 0
github.com/kokhno-nikolay/letsgochat/api/chat.go:74.6,78.17 3 0
github.com/kokhno-nikolay/letsgochat/api/chat.go:82.3,83.56 2 0
github.com/kokhno-nikolay/letsgochat/api/chat.go:87.3,88.24 2 0
github.com/kokhno-nikolay/letsgochat/api/chat.go:78.17,80.4 1 0
github.com/kokhno-nikolay/letsgochat/api/chat.go:83.56,85.4 1 0
github.com/kokhno-nikolay/letsgochat/api/handler.go:31.37,40.2 1 1
github.com/kokhno-nikolay/letsgochat/api/handler.go:42.38,53.43 6 1
github.com/kokhno-nikolay/letsgochat/api/handler.go:58.2,62.43 4 1
github.com/kokhno-nikolay/letsgochat/api/handler.go:86.2,86.15 1 1
github.com/kokhno-nikolay/letsgochat/api/handler.go:53.43,55.3 1 1
github.com/kokhno-nikolay/letsgochat/api/handler.go:62.43,64.10 2 0
github.com/kokhno-nikolay/letsgochat/api/handler.go:69.3,69.41 1 0
github.com/kokhno-nikolay/letsgochat/api/handler.go:74.3,74.16 1 0
github.com/kokhno-nikolay/letsgochat/api/handler.go:82.3,83.43 2 0
github.com/kokhno-nikolay/letsgochat/api/handler.go:64.10,67.4 2 0
github.com/kokhno-nikolay/letsgochat/api/handler.go:69.41,72.4 2 0
github.com/kokhno-nikolay/letsgochat/api/handler.go:74.16,75.73 1 0
github.com/kokhno-nikolay/letsgochat/api/handler.go:78.4,79.45 2 0
github.com/kokhno-nikolay/letsgochat/api/handler.go:75.73,77.5 1 0
github.com/kokhno-nikolay/letsgochat/api/sessions.go:3.63,7.37 3 1
github.com/kokhno-nikolay/letsgochat/api/sessions.go:13.2,13.18 1 1
github.com/kokhno-nikolay/letsgochat/api/sessions.go:7.37,8.22 1 1
github.com/kokhno-nikolay/letsgochat/api/sessions.go:8.22,10.4 1 1
github.com/kokhno-nikolay/letsgochat/api/sessions.go:16.47,18.8 2 1
github.com/kokhno-nikolay/letsgochat/api/sessions.go:18.8,22.3 3 1
github.com/kokhno-nikolay/letsgochat/api/sessions.go:25.53,31.2 4 1
github.com/kokhno-nikolay/letsgochat/api/users.go:17.42,20.41 2 1
github.com/kokhno-nikolay/letsgochat/api/users.go:29.2,29.27 1 1
github.com/kokhno-nikolay/letsgochat/api/users.go:38.2,38.27 1 1
github.com/kokhno-nikolay/letsgochat/api/users.go:47.2,48.16 2 1
github.com/kokhno-nikolay/letsgochat/api/users.go:57.2,57.21 1 1
github.com/kokhno-nikolay/letsgochat/api/users.go:66.2,67.48 2 1
github.com/kokhno-nikolay/letsgochat/api/users.go:76.2,79.4 1 1
github.com/kokhno-nikolay/letsgochat/api/users.go:20.41,27.3 2 1
github.com/kokhno-nikolay/letsgochat/api/users.go:29.27,36.3 2 1
github.com/kokhno-nikolay/letsgochat/api/users.go:38.27,45.3 2 1
github.com/kokhno-nikolay/letsgochat/api/users.go:48.16,55.3 2 0
github.com/kokhno-nikolay/letsgochat/api/users.go:57.21,64.3 2 1
github.com/kokhno-nikolay/letsgochat/api/users.go:67.48,74.3 2 0
github.com/kokhno-nikolay/letsgochat/api/users.go:82.42,85.41 2 1
github.com/kokhno-nikolay/letsgochat/api/users.go:94.2,94.27 1 1
github.com/kokhno-nikolay/letsgochat/api/users.go:103.2,103.27 1 1
github.com/kokhno-nikolay/letsgochat/api/users.go:112.2,113.16 2 1
github.com/kokhno-nikolay/letsgochat/api/users.go:122.2,122.21 1 1
github.com/kokhno-nikolay/letsgochat/api/users.go:131.2,132.16 2 1
github.com/kokhno-nikolay/letsgochat/api/users.go:141.2,141.35 1 1
github.com/kokhno-nikolay/letsgochat/api/users.go:150.2,152.18 3 1
github.com/kokhno-nikolay/letsgochat/api/users.go:161.2,161.59 1 1
github.com/kokhno-nikolay/letsgochat/api/users.go:170.2,173.4 2 1
github.com/kokhno-nikolay/letsgochat/api/users.go:85.41,92.3 2 1
github.com/kokhno-nikolay/letsgochat/api/users.go:94.27,101.3 2 1
github.com/kokhno-nikolay/letsgochat/api/users.go:103.27,110.3 2 1
github.com/kokhno-nikolay/letsgochat/api/users.go:113.16,120.3 2 0
github.com/kokhno-nikolay/letsgochat/api/users.go:122.21,129.3 2 1
github.com/kokhno-nikolay/letsgochat/api/users.go:132.16,139.3 2 0
github.com/kokhno-nikolay/letsgochat/api/users.go:141.35,148.3 2 1
github.com/kokhno-nikolay/letsgochat/api/users.go:152.18,157.3 4 1
github.com/kokhno-nikolay/letsgochat/api/users.go:157.8,159.3 1 0
github.com/kokhno-nikolay/letsgochat/api/users.go:161.59,168.3 2 0
github.com/kokhno-nikolay/letsgochat/api/users.go:176.50,180.16 3 1
github.com/kokhno-nikolay/letsgochat/api/users.go:187.2,187.29 1 1
github.com/kokhno-nikolay/letsgochat/api/users.go:191.2,193.4 1 1
github.com/kokhno-nikolay/letsgochat/api/users.go:180.16,185.3 1 0
github.com/kokhno-nikolay/letsgochat/api/users.go:187.29,189.3 1 1
