mode: set
github.com/kokhno-nikolay/letsgochat/pkg/hasher/hasher.go:18.41,22.2 1 1
github.com/kokhno-nikolay/letsgochat/pkg/hasher/hasher.go:30.60,32.16 2 1
github.com/kokhno-nikolay/letsgochat/pkg/hasher/hasher.go:36.2,39.37 3 1
github.com/kokhno-nikolay/letsgochat/pkg/hasher/hasher.go:32.16,34.3 1 0
github.com/kokhno-nikolay/letsgochat/pkg/hasher/hasher.go:46.60,48.16 2 1
github.com/kokhno-nikolay/letsgochat/pkg/hasher/hasher.go:52.2,53.16 2 1
github.com/kokhno-nikolay/letsgochat/pkg/hasher/hasher.go:57.2,61.15 4 1
github.com/kokhno-nikolay/letsgochat/pkg/hasher/hasher.go:65.2,65.14 1 0
github.com/kokhno-nikolay/letsgochat/pkg/hasher/hasher.go:48.16,50.3 1 1
github.com/kokhno-nikolay/letsgochat/pkg/hasher/hasher.go:53.16,55.3 1 0
github.com/kokhno-nikolay/letsgochat/pkg/hasher/hasher.go:61.15,63.3 1 1
github.com/kokhno-nikolay/letsgochat/repository/repository.go:30.48,35.2 1 1
github.com/kokhno-nikolay/letsgochat/repository/postgres/connection.go:10.45,12.16 2 0
github.com/kokhno-nikolay/letsgochat/repository/postgres/connection.go:16.2,17.16 2 0
github.com/kokhno-nikolay/letsgochat/repository/postgres/connection.go:21.2,22.16 2 0
github.com/kokhno-nikolay/letsgochat/repository/postgres/connection.go:12.16,14.3 1 0
github.com/kokhno-nikolay/letsgochat/repository/postgres/connection.go:17.16,19.3 1 0
github.com/kokhno-nikolay/letsgochat/repository/postgres/messages.go:14.48,18.2 1 1
github.com/kokhno-nikolay/letsgochat/repository/postgres/messages.go:20.63,27.16 5 1
github.com/kokhno-nikolay/letsgochat/repository/postgres/messages.go:30.2,32.18 2 1
github.com/kokhno-nikolay/letsgochat/repository/postgres/messages.go:43.2,43.22 1 1
github.com/kokhno-nikolay/letsgochat/repository/postgres/messages.go:27.16,29.3 1 0
github.com/kokhno-nikolay/letsgochat/repository/postgres/messages.go:32.18,36.17 3 1
github.com/kokhno-nikolay/letsgochat/repository/postgres/messages.go:40.3,40.39 1 1
github.com/kokhno-nikolay/letsgochat/repository/postgres/messages.go:36.17,38.4 1 0
github.com/kokhno-nikolay/letsgochat/repository/postgres/messages.go:46.61,52.16 5 1
github.com/kokhno-nikolay/letsgochat/repository/postgres/messages.go:55.2,58.12 3 1
github.com/kokhno-nikolay/letsgochat/repository/postgres/messages.go:52.16,54.3 1 0
github.com/kokhno-nikolay/letsgochat/repository/postgres/users.go:19.42,23.2 1 1
github.com/kokhno-nikolay/letsgochat/repository/postgres/users.go:25.59,32.2 4 1
github.com/kokhno-nikolay/letsgochat/repository/postgres/users.go:34.74,41.2 4 1
github.com/kokhno-nikolay/letsgochat/repository/postgres/users.go:43.52,49.16 5 1
github.com/kokhno-nikolay/letsgochat/repository/postgres/users.go:52.2,55.16 3 1
github.com/kokhno-nikolay/letsgochat/repository/postgres/users.go:62.2,62.12 1 1
github.com/kokhno-nikolay/letsgochat/repository/postgres/users.go:49.16,51.3 1 0
github.com/kokhno-nikolay/letsgochat/repository/postgres/users.go:55.16,57.62 2 0
github.com/kokhno-nikolay/letsgochat/repository/postgres/users.go:57.62,59.4 1 0
github.com/kokhno-nikolay/letsgochat/repository/postgres/users.go:65.62,72.2 4 0
github.com/kokhno-nikolay/letsgochat/repository/postgres/users.go:74.59,81.16 5 1
github.com/kokhno-nikolay/letsgochat/repository/postgres/users.go:84.2,86.18 2 1
github.com/kokhno-nikolay/letsgochat/repository/postgres/users.go:97.2,97.19 1 1
github.com/kokhno-nikolay/letsgochat/repository/postgres/users.go:81.16,83.3 1 0
github.com/kokhno-nikolay/letsgochat/repository/postgres/users.go:86.18,90.17 3 1
github.com/kokhno-nikolay/letsgochat/repository/postgres/users.go:94.3,94.30 1 1
github.com/kokhno-nikolay/letsgochat/repository/postgres/users.go:90.17,92.4 1 0
github.com/kokhno-nikolay/letsgochat/repository/postgres/users.go:100.54,106.16 5 1
github.com/kokhno-nikolay/letsgochat/repository/postgres/users.go:109.2,112.12 3 0
github.com/kokhno-nikolay/letsgochat/repository/postgres/users.go:106.16,108.3 1 1
github.com/kokhno-nikolay/letsgochat/repository/postgres/users.go:115.56,121.16 5 1
github.com/kokhno-nikolay/letsgochat/repository/postgres/users.go:124.2,127.12 3 0
github.com/kokhno-nikolay/letsgochat/repository/postgres/users.go:121.16,123.3 1 1
github.com/kokhno-nikolay/letsgochat/middlewares/logs.go:17.46,18.73 1 1
github.com/kokhno-nikolay/letsgochat/middlewares/logs.go:18.73,22.3 3 1
github.com/kokhno-nikolay/letsgochat/middlewares/logs.go:25.77,27.16 2 0
github.com/kokhno-nikolay/letsgochat/middlewares/logs.go:31.2,33.42 2 0
github.com/kokhno-nikolay/letsgochat/middlewares/logs.go:41.2,41.30 1 0
github.com/kokhno-nikolay/letsgochat/middlewares/logs.go:27.16,29.3 1 0
github.com/kokhno-nikolay/letsgochat/middlewares/logs.go:33.42,36.31 2 0
github.com/kokhno-nikolay/letsgochat/middlewares/logs.go:36.31,38.4 1 0
github.com/kokhno-nikolay/letsgochat/middlewares/logs.go:41.30,52.21 11 0
github.com/kokhno-nikolay/letsgochat/middlewares/logs.go:56.3,56.30 1 0
github.com/kokhno-nikolay/letsgochat/middlewares/logs.go:60.3,72.24 2 0
github.com/kokhno-nikolay/letsgochat/middlewares/logs.go:52.21,54.4 1 0
github.com/kokhno-nikolay/letsgochat/middlewares/logs.go:56.30,58.4 1 0
github.com/kokhno-nikolay/letsgochat/middlewares/logs.go:72.24,74.4 1 0
github.com/kokhno-nikolay/letsgochat/middlewares/logs.go:74.9,76.52 2 0
github.com/kokhno-nikolay/letsgochat/middlewares/logs.go:76.52,78.5 1 0
github.com/kokhno-nikolay/letsgochat/middlewares/logs.go:78.10,78.50 1 0
github.com/kokhno-nikolay/letsgochat/middlewares/logs.go:78.50,80.5 1 0
github.com/kokhno-nikolay/letsgochat/middlewares/logs.go:80.10,82.5 1 0
github.com/kokhno-nikolay/letsgochat/middlewares/recovery.go:9.47,10.71 1 1
github.com/kokhno-nikolay/letsgochat/middlewares/recovery.go:10.71,12.16 1 1
github.com/kokhno-nikolay/letsgochat/middlewares/recovery.go:27.3,27.23 1 1
github.com/kokhno-nikolay/letsgochat/middlewares/recovery.go:12.16,14.18 2 1
github.com/kokhno-nikolay/letsgochat/middlewares/recovery.go:14.18,24.5 5 1
github.com/kokhno-nikolay/letsgochat/api/chat.go:13.77,15.43 1 0
github.com/kokhno-nikolay/letsgochat/api/chat.go:20.2,21.16 2 0
github.com/kokhno-nikolay/letsgochat/api/chat.go:24.2,28.16 4 0
github.com/kokhno-nikolay/letsgochat/api/chat.go:32.2,32.24 1 0
github.com/kokhno-nikolay/letsgochat/api/chat.go:38.2,38.6 1 0
github.com/kokhno-nikolay/letsgochat/api/chat.go:15.43,17.4 1 0
github.com/kokhno-nikolay/letsgochat/api/chat.go:21.16,23.3 1 0
github.com/kokhno-nikolay/letsgochat/api/chat.go:28.16,30.3 1 0
github.com/kokhno-nikolay/letsgochat/api/chat.go:32.24,33.32 1 0
github.com/kokhno-nikolay/letsgochat/api/chat.go:33.32,35.4 1 0
github.com/kokhno-nikolay/letsgochat/api/chat.go:38.6,41.17 3 0
github.com/kokhno-nikolay/letsgochat/api/chat.go:46.3,46.24 1 0
github.com/kokhno-nikolay/letsgochat/api/chat.go:51.3,51.23 1 0
github.com/kokhno-nikolay/letsgochat/api/chat.go:41.17,43.9 2 0
github.com/kokhno-nikolay/letsgochat/api/chat.go:46.24,48.12 2 0
github.com/kokhno-nikolay/letsgochat/api/chat.go:55.81,57.38 2 0
github.com/kokhno-nikolay/letsgochat/api/chat.go:57.38,61.3 3 0
github.com/kokhno-nikolay/letsgochat/api/chat.go:64.58,65.32 1 0
github.com/kokhno-nikolay/letsgochat/api/chat.go:65.32,67.3 1 0
github.com/kokhno-nikolay/letsgochat/api/chat.go:70.47,72.2 1 0
github.com/kokhno-nikolay/letsgochat/api/chat.go:74.48,75.6 1 0
github.com/kokhno-nikolay/letsgochat/api/chat.go:75.6,79.17 3 0
github.com/kokhno-nikolay/letsgochat/api/chat.go:83.3,84.56 2 0
github.com/kokhno-nikolay/letsgochat/api/chat.go:88.3,89.24 2 0
github.com/kokhno-nikolay/letsgochat/api/chat.go:79.17,81.4 1 0
github.com/kokhno-nikolay/letsgochat/api/chat.go:84.56,86.4 1 0
github.com/kokhno-nikolay/letsgochat/api/handler.go:31.37,40.2 1 1
github.com/kokhno-nikolay/letsgochat/api/handler.go:42.38,53.43 6 0
github.com/kokhno-nikolay/letsgochat/api/handler.go:57.2,58.39 2 0
github.com/kokhno-nikolay/letsgochat/api/handler.go:63.2,67.43 4 0
github.com/kokhno-nikolay/letsgochat/api/handler.go:88.2,88.15 1 0
github.com/kokhno-nikolay/letsgochat/api/handler.go:53.43,55.3 1 0
github.com/kokhno-nikolay/letsgochat/api/handler.go:58.39,60.3 1 0
github.com/kokhno-nikolay/letsgochat/api/handler.go:67.43,69.10 2 0
github.com/kokhno-nikolay/letsgochat/api/handler.go:74.3,74.41 1 0
github.com/kokhno-nikolay/letsgochat/api/handler.go:79.3,79.16 1 0
github.com/kokhno-nikolay/letsgochat/api/handler.go:84.3,85.43 2 0
github.com/kokhno-nikolay/letsgochat/api/handler.go:69.10,72.4 2 0
github.com/kokhno-nikolay/letsgochat/api/handler.go:74.41,77.4 2 0
github.com/kokhno-nikolay/letsgochat/api/handler.go:79.16,82.4 2 0
github.com/kokhno-nikolay/letsgochat/api/sessions.go:3.63,7.37 3 1
github.com/kokhno-nikolay/letsgochat/api/sessions.go:13.2,13.18 1 1
github.com/kokhno-nikolay/letsgochat/api/sessions.go:7.37,8.22 1 1
github.com/kokhno-nikolay/letsgochat/api/sessions.go:8.22,10.4 1 1
github.com/kokhno-nikolay/letsgochat/api/sessions.go:16.53,18.8 2 0
github.com/kokhno-nikolay/letsgochat/api/sessions.go:28.2,28.12 1 0
github.com/kokhno-nikolay/letsgochat/api/sessions.go:18.8,22.72 3 0
github.com/kokhno-nikolay/letsgochat/api/sessions.go:25.3,25.28 1 0
github.com/kokhno-nikolay/letsgochat/api/sessions.go:22.72,24.4 1 0
github.com/kokhno-nikolay/letsgochat/api/sessions.go:31.53,37.2 4 1
github.com/kokhno-nikolay/letsgochat/api/users.go:13.42,16.41 2 0
github.com/kokhno-nikolay/letsgochat/api/users.go:25.2,25.27 1 0
github.com/kokhno-nikolay/letsgochat/api/users.go:34.2,34.27 1 0
github.com/kokhno-nikolay/letsgochat/api/users.go:43.2,44.16 2 0
github.com/kokhno-nikolay/letsgochat/api/users.go:53.2,53.21 1 0
github.com/kokhno-nikolay/letsgochat/api/users.go:62.2,63.48 2 0
github.com/kokhno-nikolay/letsgochat/api/users.go:72.2,75.4 1 0
github.com/kokhno-nikolay/letsgochat/api/users.go:16.41,23.3 2 0
github.com/kokhno-nikolay/letsgochat/api/users.go:25.27,32.3 2 0
github.com/kokhno-nikolay/letsgochat/api/users.go:34.27,41.3 2 0
github.com/kokhno-nikolay/letsgochat/api/users.go:44.16,51.3 2 0
github.com/kokhno-nikolay/letsgochat/api/users.go:53.21,60.3 2 0
github.com/kokhno-nikolay/letsgochat/api/users.go:63.48,70.3 2 0
github.com/kokhno-nikolay/letsgochat/api/users.go:78.42,81.41 2 0
github.com/kokhno-nikolay/letsgochat/api/users.go:90.2,90.27 1 0
github.com/kokhno-nikolay/letsgochat/api/users.go:99.2,99.27 1 0
github.com/kokhno-nikolay/letsgochat/api/users.go:108.2,109.16 2 0
github.com/kokhno-nikolay/letsgochat/api/users.go:118.2,118.21 1 0
github.com/kokhno-nikolay/letsgochat/api/users.go:127.2,128.16 2 0
github.com/kokhno-nikolay/letsgochat/api/users.go:137.2,137.35 1 0
github.com/kokhno-nikolay/letsgochat/api/users.go:146.2,148.18 3 0
github.com/kokhno-nikolay/letsgochat/api/users.go:157.2,157.59 1 0
github.com/kokhno-nikolay/letsgochat/api/users.go:165.2,168.4 2 0
github.com/kokhno-nikolay/letsgochat/api/users.go:81.41,88.3 2 0
github.com/kokhno-nikolay/letsgochat/api/users.go:90.27,97.3 2 0
github.com/kokhno-nikolay/letsgochat/api/users.go:99.27,106.3 2 0
github.com/kokhno-nikolay/letsgochat/api/users.go:109.16,116.3 2 0
github.com/kokhno-nikolay/letsgochat/api/users.go:118.21,125.3 2 0
github.com/kokhno-nikolay/letsgochat/api/users.go:128.16,135.3 2 0
github.com/kokhno-nikolay/letsgochat/api/users.go:137.35,144.3 2 0
github.com/kokhno-nikolay/letsgochat/api/users.go:148.18,153.3 4 0
github.com/kokhno-nikolay/letsgochat/api/users.go:153.8,155.3 1 0
github.com/kokhno-nikolay/letsgochat/api/users.go:157.59,163.3 2 0
github.com/kokhno-nikolay/letsgochat/api/users.go:171.50,175.16 3 0
github.com/kokhno-nikolay/letsgochat/api/users.go:182.2,182.29 1 0
github.com/kokhno-nikolay/letsgochat/api/users.go:186.2,188.4 1 0
github.com/kokhno-nikolay/letsgochat/api/users.go:175.16,180.3 1 0
github.com/kokhno-nikolay/letsgochat/api/users.go:182.29,184.3 1 0
